<?xml version="1.0" encoding="UTF-8"?>
<!-- Generated by org.testng.reporters.JUnitReportReporter -->
<testsuite hostname="DESKTOP-HJFMQ82" failures="0" tests="1" name="com.vois.test.LoginTest" time="0.015" errors="0" timestamp="2025-05-07T22:26:32 PDT" skipped="0">
  <testcase classname="com.vois.test.LoginTest" name="validLoginTest" time="0.015"/>
</testsuite> <!-- com.vois.test.LoginTest -->
