<?xml version="1.0" encoding="UTF-8"?>
<!-- Generated by org.testng.reporters.JUnitReportReporter -->
<testsuite hostname="DESKTOP-HJFMQ82" failures="0" tests="2" name="com.vois.test.LoginUITest" time="11.521" errors="0" timestamp="2025-05-07T05:40:39 PDT" skipped="0">
  <testcase classname="com.vois.test.LoginUITest" name="titleTest" time="4.748"/>
  <testcase classname="com.vois.test.LoginUITest" name="headerTitle" time="6.773"/>
</testsuite> <!-- com.vois.test.LoginUITest -->
